TN:
SF:src/commands/command.ts
FN:62,(anonymous_0)
FNF:1
FNH:1
FNDA:9,(anonymous_0)
DA:1,1
DA:8,1
DA:9,1
DA:10,1
DA:11,1
DA:12,1
DA:38,1
DA:62,1
DA:63,9
DA:64,9
DA:65,9
DA:66,1
DA:67,1
DA:69,1
DA:72,8
DA:73,6
DA:76,2
DA:77,2
DA:79,2
DA:80,2
DA:82,2
LF:21
LH:21
BRDA:65,0,0,1
BRDA:65,0,1,8
BRDA:72,1,0,6
BRDA:72,1,1,2
BRDA:79,2,0,2
BRF:5
BRH:5
end_of_record
TN:
SF:src/commands/move.ts
FN:17,(anonymous_0)
FNF:1
FNH:1
FNDA:7,(anonymous_0)
DA:2,2
DA:3,2
DA:17,2
DA:18,7
DA:19,1
DA:21,6
DA:22,6
DA:28,6
LF:8
LH:8
BRDA:18,0,0,1
BRDA:18,0,1,6
BRDA:18,1,0,7
BRDA:18,1,1,6
BRDA:18,1,2,6
BRF:5
BRH:5
end_of_record
TN:
SF:src/commands/place.ts
FN:22,(anonymous_0)
FNF:1
FNH:1
FNDA:10,(anonymous_0)
DA:2,3
DA:22,3
DA:23,10
DA:24,10
DA:25,10
DA:27,10
DA:28,4
DA:29,4
DA:30,4
DA:32,10
LF:10
LH:10
BRDA:27,0,0,4
BRDA:27,0,1,6
BRDA:27,1,0,10
BRDA:27,1,1,9
BRF:4
BRH:4
end_of_record
TN:
SF:src/commands/report.ts
FN:15,(anonymous_0)
FNF:1
FNH:1
FNDA:2,(anonymous_0)
DA:15,2
DA:16,2
DA:17,2
DA:18,2
DA:19,2
LF:5
LH:5
BRF:0
BRH:0
end_of_record
TN:
SF:src/commands/turn.ts
FN:13,(anonymous_0)
FN:22,(anonymous_1)
FN:23,(anonymous_2)
FNF:3
FNH:3
FNDA:11,(anonymous_0)
FNDA:5,(anonymous_1)
FNDA:6,(anonymous_2)
DA:2,2
DA:13,2
DA:14,11
DA:15,2
DA:17,9
DA:18,9
DA:19,9
DA:22,5
DA:23,6
LF:9
LH:9
BRDA:14,0,0,2
BRDA:14,0,1,9
BRDA:14,1,0,11
BRDA:14,1,1,9
BRF:4
BRH:4
end_of_record
TN:
SF:src/utils/movements.ts
FNF:0
FNH:0
DA:19,3
LF:1
LH:1
BRF:0
BRH:0
end_of_record
TN:
SF:src/utils/validations.ts
FN:25,(anonymous_0)
FN:25,(anonymous_1)
FN:87,(anonymous_2)
FN:104,(anonymous_3)
FNF:4
FNH:4
FNDA:12,(anonymous_0)
FNDA:41,(anonymous_1)
FNDA:14,(anonymous_2)
FNDA:9,(anonymous_3)
DA:1,4
DA:3,4
DA:13,4
DA:25,12
DA:26,41
DA:40,4
DA:54,4
DA:70,4
DA:87,4
DA:88,14
DA:104,4
DA:105,9
DA:106,7
DA:108,2
DA:109,2
LF:15
LH:15
BRDA:88,0,0,14
BRDA:88,0,1,9
BRDA:105,1,0,7
BRDA:105,1,1,2
BRDA:105,2,0,9
BRDA:105,2,1,2
BRDA:109,3,0,2
BRDA:109,3,1,2
BRF:8
BRH:8
end_of_record
